2024-01-15 14:34:47,201 Loading dataset from data/heart.csv
2024-01-15 14:34:47,219 Dataset loaded successfully
2024-01-15 14:34:47,246 Generating metadata...
2024-01-15 14:34:47,263 Metadata generated.
2024-01-15 14:34:47,264 Generating synthetic datasets
2024-01-15 14:34:48,386 Synthetic datasets generated successfully
2024-01-15 14:34:48,386 Generating metadata...
2024-01-15 14:34:48,398 Metadata generated.
2024-01-15 14:34:48,398 Generating metadata...
2024-01-15 14:34:48,409 Metadata generated.
2024-01-15 14:34:48,409 Generating metadata...
2024-01-15 14:34:48,420 Metadata generated.
2024-01-15 14:34:48,421 Generating metadata...
2024-01-15 14:34:48,433 Metadata generated.
2024-01-15 14:34:48,433 Generating metadata...
2024-01-15 14:34:48,446 Metadata generated.
2024-01-15 14:34:48,447 Generating metadata...
2024-01-15 14:34:48,458 Metadata generated.
2024-01-15 14:34:48,459 Generating metadata...
2024-01-15 14:34:48,470 Metadata generated.
2024-01-15 14:34:48,470 Generating metadata...
2024-01-15 14:34:48,481 Metadata generated.
2024-01-15 14:34:48,481 Generating metadata...
2024-01-15 14:34:48,492 Metadata generated.
2024-01-15 14:34:48,492 Generating metadata...
2024-01-15 14:34:48,503 Metadata generated.
2024-01-15 14:34:48,503 Calculating Gower similarity...
2024-01-15 14:34:48,512 Calculating Gower distance matrix...
2024-01-15 14:34:48,515 Gower distance matrix calculated.
2024-01-15 14:34:48,516 Gower similarity calculated.
2024-01-15 14:34:48,522 Calculating Gower distance matrix...
2024-01-15 14:34:48,525 Gower distance matrix calculated.
2024-01-15 14:34:48,525 Gower similarity calculated.
2024-01-15 14:34:48,531 Calculating Gower distance matrix...
2024-01-15 14:34:48,535 Gower distance matrix calculated.
2024-01-15 14:34:48,535 Gower similarity calculated.
2024-01-15 14:34:48,542 Calculating Gower distance matrix...
2024-01-15 14:34:48,545 Gower distance matrix calculated.
2024-01-15 14:34:48,545 Gower similarity calculated.
2024-01-15 14:34:48,553 Calculating Gower distance matrix...
2024-01-15 14:34:48,556 Gower distance matrix calculated.
2024-01-15 14:34:48,556 Gower similarity calculated.
2024-01-15 14:34:48,563 Calculating Gower distance matrix...
2024-01-15 14:34:48,565 Gower distance matrix calculated.
2024-01-15 14:34:48,566 Gower similarity calculated.
2024-01-15 14:34:48,572 Calculating Gower distance matrix...
2024-01-15 14:34:48,575 Gower distance matrix calculated.
2024-01-15 14:34:48,576 Gower similarity calculated.
2024-01-15 14:34:48,582 Calculating Gower distance matrix...
2024-01-15 14:34:48,585 Gower distance matrix calculated.
2024-01-15 14:34:48,585 Gower similarity calculated.
2024-01-15 14:34:48,591 Calculating Gower distance matrix...
2024-01-15 14:34:48,594 Gower distance matrix calculated.
2024-01-15 14:34:48,594 Gower similarity calculated.
2024-01-15 14:34:48,601 Calculating Gower distance matrix...
2024-01-15 14:34:48,603 Gower distance matrix calculated.
2024-01-15 14:34:48,604 Gower similarity calculated.
2024-01-15 14:34:48,604 Starting visualization of Gower's similarity scores...
2024-01-15 14:34:53,618 Performing train-test split and encoding...
2024-01-15 14:34:53,672 Train-test split and encoding completed.
2024-01-15 14:34:53,672 Testing Random Forest
2024-01-15 14:34:53,675 Training and evaluating model...
2024-01-15 14:34:53,946 Model evaluation completed. Accuracy: 0.9251700680272109, Recall: 0.9875, F1: 0.9349112426035503, Precision: 0.8876404494382022, ROC AUC: 0.9571828358208955
2024-01-15 14:34:53,947 Training and evaluating model...
2024-01-15 14:34:54,162 Model evaluation completed. Accuracy: 0.8367346938775511, Recall: 0.8333333333333334, F1: 0.8536585365853658, Precision: 0.875, ROC AUC: 0.8999433106575964
2024-01-15 14:34:54,163 Training and evaluating model...
2024-01-15 14:34:54,399 Model evaluation completed. Accuracy: 0.8571428571428571, Recall: 0.8823529411764706, F1: 0.8771929824561403, Precision: 0.872093023255814, ROC AUC: 0.9336812144212524
2024-01-15 14:34:54,401 Training and evaluating model...
2024-01-15 14:34:54,641 Model evaluation completed. Accuracy: 0.8775510204081632, Recall: 0.9594594594594594, F1: 0.8875000000000001, Precision: 0.8255813953488372, ROC AUC: 0.9195668271010737
2024-01-15 14:34:54,642 Training and evaluating model...
2024-01-15 14:34:54,879 Model evaluation completed. Accuracy: 0.8287671232876712, Recall: 0.8333333333333334, F1: 0.8387096774193548, Precision: 0.8441558441558441, ROC AUC: 0.8985671191553545
2024-01-15 14:34:54,879 Validating model...
2024-01-15 14:34:54,879 Performing train-test split and encoding...
2024-01-15 14:34:54,892 Train-test split and encoding completed.
2024-01-15 14:34:54,892 Training and evaluating model...
2024-01-15 14:34:55,146 Model evaluation completed. Accuracy: 0.8676470588235294, Recall: 0.896551724137931, F1: 0.8851063829787235, Precision: 0.8739495798319328, ROC AUC: 0.9341692789968652
2024-01-15 14:34:55,146 Model validation completed. Accuracy: 0.8676470588235294, Recall: 0.896551724137931, F1: 0.8851063829787235, Precision: 0.8739495798319328, ROC AUC: 0.9341692789968652
2024-01-15 14:34:56,818 Performing train-test split and encoding...
2024-01-15 14:34:56,857 Train-test split and encoding completed.
2024-01-15 14:34:56,859 Testing Random Forest on synthetic dataset
2024-01-15 14:34:56,859 Training and evaluating model...
2024-01-15 14:34:57,167 Model evaluation completed. Accuracy: 0.8676470588235294, Recall: 0.896551724137931, F1: 0.8851063829787235, Precision: 0.8739495798319328, ROC AUC: 0.9341692789968652
2024-01-15 14:34:57,167 Performing train-test split and encoding...
2024-01-15 14:34:57,178 Train-test split and encoding completed.
2024-01-15 14:34:57,178 Testing Random Forest on synthetic dataset
2024-01-15 14:34:57,178 Training and evaluating model...
2024-01-15 14:34:57,467 Model evaluation completed. Accuracy: 0.8627450980392157, Recall: 0.8793103448275862, F1: 0.8793103448275863, Precision: 0.8793103448275862, ROC AUC: 0.9356387147335423
2024-01-15 14:34:57,467 Performing train-test split and encoding...
2024-01-15 14:34:57,478 Train-test split and encoding completed.
2024-01-15 14:34:57,478 Testing Random Forest on synthetic dataset
2024-01-15 14:34:57,479 Training and evaluating model...
2024-01-15 14:34:57,801 Model evaluation completed. Accuracy: 0.8774509803921569, Recall: 0.9051724137931034, F1: 0.8936170212765958, Precision: 0.8823529411764706, ROC AUC: 0.935344827586207
2024-01-15 14:34:57,803 Performing train-test split and encoding...
2024-01-15 14:34:57,817 Train-test split and encoding completed.
2024-01-15 14:34:57,818 Testing Random Forest on synthetic dataset
2024-01-15 14:34:57,818 Training and evaluating model...
2024-01-15 14:34:58,111 Model evaluation completed. Accuracy: 0.8823529411764706, Recall: 0.9137931034482759, F1: 0.8983050847457628, Precision: 0.8833333333333333, ROC AUC: 0.9367163009404389
2024-01-15 14:34:58,111 Performing train-test split and encoding...
2024-01-15 14:34:58,122 Train-test split and encoding completed.
2024-01-15 14:34:58,123 Testing Random Forest on synthetic dataset
2024-01-15 14:34:58,123 Training and evaluating model...
2024-01-15 14:34:58,405 Model evaluation completed. Accuracy: 0.8823529411764706, Recall: 0.896551724137931, F1: 0.896551724137931, Precision: 0.896551724137931, ROC AUC: 0.9373040752351097
2024-01-15 14:34:58,405 Performing train-test split and encoding...
2024-01-15 14:34:58,417 Train-test split and encoding completed.
2024-01-15 14:34:58,417 Testing Random Forest on synthetic dataset
2024-01-15 14:34:58,417 Training and evaluating model...
2024-01-15 14:34:58,713 Model evaluation completed. Accuracy: 0.8676470588235294, Recall: 0.896551724137931, F1: 0.8851063829787235, Precision: 0.8739495798319328, ROC AUC: 0.9395082288401254
2024-01-15 14:34:58,713 Performing train-test split and encoding...
2024-01-15 14:34:58,729 Train-test split and encoding completed.
2024-01-15 14:34:58,729 Testing Random Forest on synthetic dataset
2024-01-15 14:34:58,729 Training and evaluating model...
2024-01-15 14:34:59,018 Model evaluation completed. Accuracy: 0.8627450980392157, Recall: 0.9137931034482759, F1: 0.8833333333333333, Precision: 0.8548387096774194, ROC AUC: 0.9347570532915361
2024-01-15 14:34:59,018 Performing train-test split and encoding...
2024-01-15 14:34:59,031 Train-test split and encoding completed.
2024-01-15 14:34:59,031 Testing Random Forest on synthetic dataset
2024-01-15 14:34:59,031 Training and evaluating model...
2024-01-15 14:34:59,307 Model evaluation completed. Accuracy: 0.8676470588235294, Recall: 0.9137931034482759, F1: 0.887029288702929, Precision: 0.8617886178861789, ROC AUC: 0.9292221786833855
2024-01-15 14:34:59,307 Performing train-test split and encoding...
2024-01-15 14:34:59,318 Train-test split and encoding completed.
2024-01-15 14:34:59,318 Testing Random Forest on synthetic dataset
2024-01-15 14:34:59,318 Training and evaluating model...
2024-01-15 14:34:59,585 Model evaluation completed. Accuracy: 0.8627450980392157, Recall: 0.896551724137931, F1: 0.8813559322033899, Precision: 0.8666666666666667, ROC AUC: 0.9348550156739812
2024-01-15 14:34:59,585 Performing train-test split and encoding...
2024-01-15 14:34:59,595 Train-test split and encoding completed.
2024-01-15 14:34:59,596 Testing Random Forest on synthetic dataset
2024-01-15 14:34:59,596 Training and evaluating model...
2024-01-15 14:34:59,854 Model evaluation completed. Accuracy: 0.8823529411764706, Recall: 0.9224137931034483, F1: 0.8991596638655462, Precision: 0.8770491803278688, ROC AUC: 0.9370101880877744
2024-01-15 14:35:05,847 Simulation completed
